<?xml version="1.0" encoding="UTF-8"?>
<!-- Generated by org.testng.reporters.JUnitReportReporter -->
<testsuite hostname="FAIZAN-MF" failures="0" tests="1" name="Attributes.Parameter" time="0.017" errors="0" timestamp="2024-12-16T12:06:10 IST" skipped="0">
  <testcase classname="Attributes.Parameter" name="Parameter" time="0.017"/>
</testsuite> <!-- Attributes.Parameter -->
