<?xml version="1.0" encoding="UTF-8"?>
<!-- Generated by org.testng.reporters.JUnitReportReporter -->
<testsuite hostname="FAIZAN-MF" failures="0" tests="2" name="Dataprovider" time="12.350" errors="0" timestamp="2024-12-16T13:01:25 IST" skipped="0">
  <testcase classname="Dataprovider" name="testCase" time="6.899"/>
  <testcase classname="Dataprovider" name="testCase" time="5.451"/>
</testsuite> <!-- Dataprovider -->
