<?xml version="1.0" encoding="UTF-8"?>
<!-- Generated by org.testng.reporters.JUnitReportReporter -->
<testsuite hostname="FAIZAN-MF" failures="0" tests="5" name="Attributes.DependsOn" time="0.015" errors="0" timestamp="2024-12-15T21:24:32 IST" skipped="0">
  <testcase classname="Attributes.DependsOn" name="testcase4" time="0.002"/>
  <testcase classname="Attributes.DependsOn" name="testcase1" time="0.008"/>
  <testcase classname="Attributes.DependsOn" name="testcase5" time="0.002"/>
  <testcase classname="Attributes.DependsOn" name="testcase2" time="0.002"/>
  <testcase classname="Attributes.DependsOn" name="testcase3" time="0.001"/>
</testsuite> <!-- Attributes.DependsOn -->
