<?xml version="1.0" encoding="UTF-8"?>
<!-- Generated by org.testng.reporters.JUnitReportReporter -->
<testsuite hostname="FAIZAN-MF" failures="0" tests="1" name="AttributesParameters.Parameter" time="0.014" errors="0" timestamp="2024-12-16T12:09:53 IST" skipped="0">
  <testcase classname="AttributesParameters.Parameter" name="Parameter" time="0.014"/>
</testsuite> <!-- AttributesParameters.Parameter -->
