<?xml version="1.0" encoding="UTF-8"?>
<!-- Generated by org.testng.reporters.JUnitReportReporter -->
<testsuite hostname="FAIZAN-MF" failures="0" tests="1" name="Attributes.Groups" time="0.014" errors="0" timestamp="2024-12-16T11:49:02 IST" skipped="0">
  <testcase classname="Attributes.Groups" name="testcase1" time="0.014"/>
</testsuite> <!-- Attributes.Groups -->
