<?xml version="1.0" encoding="UTF-8"?>
<!-- Generated by org.testng.reporters.JUnitReportReporter -->
<testsuite hostname="FAIZAN-MF" failures="0" tests="2" name="Attributes.ThreadPool" time="6.030" errors="0" timestamp="2024-12-15T21:47:45 IST" skipped="0">
  <testcase classname="Attributes.ThreadPool" name="TestCase1" time="2.621"/>
  <testcase classname="Attributes.ThreadPool" name="TestCase1" time="3.409"/>
</testsuite> <!-- Attributes.ThreadPool -->
