<?xml version="1.0" encoding="UTF-8"?>
<!-- Generated by org.testng.reporters.JUnitReportReporter -->
<testsuite hostname="FAIZAN-MF" failures="0" tests="2" name="TestNGBaisc.ParallelExecution" time="0.020" errors="0" timestamp="2024-12-15T21:01:32 IST" skipped="0">
  <testcase classname="TestNGBaisc.ParallelExecution" name="TestCase2" time="0.010"/>
  <testcase classname="TestNGBaisc.ParallelExecution" name="TestCase1" time="0.010"/>
</testsuite> <!-- TestNGBaisc.ParallelExecution -->
