<?xml version="1.0" encoding="UTF-8"?>
<!-- Generated by org.testng.reporters.JUnitReportReporter -->
<testsuite hostname="FAIZAN-MF" failures="0" tests="1" name="TestNGAnnotation.TestNGFlow" time="0.015" errors="0" timestamp="2024-12-16T15:57:12 IST" skipped="0">
  <testcase classname="TestNGAnnotation.TestNGFlow" name="Test" time="0.015"/>
</testsuite> <!-- TestNGAnnotation.TestNGFlow -->
