<?xml version="1.0" encoding="UTF-8"?>
<!-- Generated by org.testng.reporters.JUnitReportReporter -->
<testsuite hostname="FAIZAN-MF" failures="0" tests="3" name="Attributes.Enabled" time="0.008" errors="0" timestamp="2024-12-15T21:44:37 IST" skipped="2">
  <testcase classname="Attributes.Enabled" name="TestCase1" time="0.008"/>
  <testcase classname="Attributes.Enabled" name="TestCase3">
    <skipped/>
  </testcase> <!-- TestCase3 -->
  <testcase classname="Attributes.Enabled" name="TestCase2">
    <skipped/>
  </testcase> <!-- TestCase2 -->
</testsuite> <!-- Attributes.Enabled -->
