<?xml version="1.0" encoding="UTF-8"?>
<!-- Generated by org.testng.reporters.JUnitReportReporter -->
<testsuite hostname="FAIZAN-MF" failures="0" tests="1" name="ParallelExecution.ParallelClass2" time="2.489" errors="0" timestamp="2024-12-15T21:17:06 IST" skipped="0">
  <testcase classname="ParallelExecution.ParallelClass2" name="TestCase2" time="2.489"/>
</testsuite> <!-- ParallelExecution.ParallelClass2 -->
