<?xml version="1.0" encoding="UTF-8"?>
<!-- Generated by org.testng.reporters.JUnitReportReporter -->
<testsuite hostname="FAIZAN-MF" failures="0" tests="1" name="TestNGBaisc.SequentialExecution" time="0.008" errors="0" timestamp="2024-12-15T21:03:04 IST" skipped="0">
  <testcase classname="TestNGBaisc.SequentialExecution" name="TestCase1" time="0.008"/>
</testsuite> <!-- TestNGBaisc.SequentialExecution -->
