<?xml version="1.0" encoding="UTF-8"?>
<!-- Generated by org.testng.reporters.JUnitReportReporter -->
<testsuite hostname="FAIZAN-MF" failures="0" tests="1" name="ParallelExecution.ParallelClass1" time="2.865" errors="0" timestamp="2024-12-15T21:17:06 IST" skipped="0">
  <testcase classname="ParallelExecution.ParallelClass1" name="TestCase1" time="2.865"/>
</testsuite> <!-- ParallelExecution.ParallelClass1 -->
