<?xml version="1.0" encoding="UTF-8"?>
<!-- Generated by org.testng.reporters.JUnitReportReporter -->
<testsuite hostname="FAIZAN-MF" failures="0" tests="3" name="dataProvider2" time="12.764" errors="0" timestamp="2024-12-16T15:07:06 IST" skipped="0">
  <testcase classname="dataProvider2" name="testCase" time="4.593"/>
  <testcase classname="dataProvider2" name="testCase" time="5.186"/>
  <testcase classname="dataProvider2" name="testCase" time="2.985"/>
</testsuite> <!-- dataProvider2 -->
