<?xml version="1.0" encoding="UTF-8"?>
<!-- Generated by org.testng.reporters.JUnitReportReporter -->
<testsuite hostname="FAIZAN-MF" failures="0" tests="2" name="TestNGAnnotation.MultipleTest" time="0.017" errors="0" timestamp="2024-12-16T15:58:56 IST" skipped="0">
  <testcase classname="TestNGAnnotation.MultipleTest" name="Test1" time="0.014"/>
  <testcase classname="TestNGAnnotation.MultipleTest" name="Test2" time="0.003"/>
</testsuite> <!-- TestNGAnnotation.MultipleTest -->
