<?xml version="1.0" encoding="UTF-8"?>
<!-- Generated by org.testng.reporters.JUnitReportReporter -->
<testsuite hostname="FAIZAN-MF" failures="0" tests="1" name="AttributesParameters.BrowserParameter" time="7.194" errors="0" timestamp="2024-12-16T12:40:00 IST" skipped="0">
  <testcase classname="AttributesParameters.BrowserParameter" name="BrowserTest" time="7.194"/>
</testsuite> <!-- AttributesParameters.BrowserParameter -->
